0 info it worked if it ends with ok
1 verbose cli [ '/usr/bin/node', '/usr/bin/npm', 'install', '-g', 'jasmine' ]
2 info using npm@2.15.0
3 info using node@v0.10.44
4 verbose node symlink /usr/bin/node
5 verbose install initial load of /usr/lib/package.json
6 verbose readDependencies loading dependencies from /usr/lib/package.json
7 silly cache add args [ 'jasmine', null ]
8 verbose cache add spec jasmine
9 silly cache add parsed spec { raw: 'jasmine',
9 silly cache add   scope: null,
9 silly cache add   name: 'jasmine',
9 silly cache add   rawSpec: '',
9 silly cache add   spec: 'latest',
9 silly cache add   type: 'tag' }
10 silly addNamed jasmine@latest
11 verbose addNamed "latest" is being treated as a dist-tag for jasmine
12 info addNameTag [ 'jasmine', 'latest' ]
13 silly mapToRegistry name jasmine
14 silly mapToRegistry using default registry
15 silly mapToRegistry registry https://registry.npmjs.org/
16 silly mapToRegistry data { raw: 'jasmine',
16 silly mapToRegistry   scope: null,
16 silly mapToRegistry   name: 'jasmine',
16 silly mapToRegistry   rawSpec: '',
16 silly mapToRegistry   spec: 'latest',
16 silly mapToRegistry   type: 'tag' }
17 silly mapToRegistry uri https://registry.npmjs.org/jasmine
18 verbose addNameTag registry:https://registry.npmjs.org/jasmine not in flight; fetching
19 verbose request uri https://registry.npmjs.org/jasmine
20 verbose request no auth needed
21 info attempt registry request try #1 at 14:09:58
22 verbose request id 55078e05dfb50e56
23 http request GET https://registry.npmjs.org/jasmine
24 http 200 https://registry.npmjs.org/jasmine
25 verbose headers { server: 'CouchDB/1.5.0 (Erlang OTP/R16B03)',
25 verbose headers   etag: '"665JDLG9R2NLPS50Y84V1TB2D"',
25 verbose headers   'content-type': 'application/json',
25 verbose headers   'cache-control': 'max-age=300',
25 verbose headers   'content-length': '14680',
25 verbose headers   'accept-ranges': 'bytes',
25 verbose headers   date: 'Fri, 08 Apr 2016 21:09:46 GMT',
25 verbose headers   via: '1.1 varnish',
25 verbose headers   age: '44',
25 verbose headers   connection: 'keep-alive',
25 verbose headers   'x-served-by': 'cache-lax1425-LAX',
25 verbose headers   'x-cache': 'HIT',
25 verbose headers   'x-cache-hits': '1',
25 verbose headers   'x-timer': 'S1460149786.951222,VS0,VE0',
25 verbose headers   vary: 'Accept-Encoding' }
26 silly get cb [ 200,
26 silly get   { server: 'CouchDB/1.5.0 (Erlang OTP/R16B03)',
26 silly get     etag: '"665JDLG9R2NLPS50Y84V1TB2D"',
26 silly get     'content-type': 'application/json',
26 silly get     'cache-control': 'max-age=300',
26 silly get     'content-length': '14680',
26 silly get     'accept-ranges': 'bytes',
26 silly get     date: 'Fri, 08 Apr 2016 21:09:46 GMT',
26 silly get     via: '1.1 varnish',
26 silly get     age: '44',
26 silly get     connection: 'keep-alive',
26 silly get     'x-served-by': 'cache-lax1425-LAX',
26 silly get     'x-cache': 'HIT',
26 silly get     'x-cache-hits': '1',
26 silly get     'x-timer': 'S1460149786.951222,VS0,VE0',
26 silly get     vary: 'Accept-Encoding' } ]
27 verbose get saving jasmine to /home/joel/.npm/registry.npmjs.org/jasmine/.cache.json
28 verbose correctMkdir /home/joel/.npm correctMkdir not in flight; initializing
29 verbose makeDirectory /home/joel/.npm creation not in flight; initializing
30 silly makeDirectory /home/joel/.npm uid: 1000 gid: 1000
31 silly addNameTag next cb for jasmine with tag latest
32 silly addNamed jasmine@2.4.1
33 verbose addNamed "2.4.1" is a plain semver version for jasmine
34 silly mapToRegistry name jasmine
35 silly mapToRegistry using default registry
36 silly mapToRegistry registry https://registry.npmjs.org/
37 silly mapToRegistry data { raw: 'jasmine',
37 silly mapToRegistry   scope: null,
37 silly mapToRegistry   name: 'jasmine',
37 silly mapToRegistry   rawSpec: '',
37 silly mapToRegistry   spec: 'latest',
37 silly mapToRegistry   type: 'tag' }
38 silly mapToRegistry uri https://registry.npmjs.org/jasmine
39 verbose addRemoteTarball https://registry.npmjs.org/jasmine/-/jasmine-2.4.1.tgz not in flight; adding
40 verbose addRemoteTarball [ 'https://registry.npmjs.org/jasmine/-/jasmine-2.4.1.tgz',
40 verbose addRemoteTarball   '9016dda453213d27ac6d43dc4ea97315a189085e' ]
41 info retry fetch attempt 1 at 14:09:58
42 info attempt registry request try #1 at 14:09:58
43 http fetch GET https://registry.npmjs.org/jasmine/-/jasmine-2.4.1.tgz
44 http fetch 200 https://registry.npmjs.org/jasmine/-/jasmine-2.4.1.tgz
45 silly fetchAndShaCheck shasum 9016dda453213d27ac6d43dc4ea97315a189085e
46 verbose addTmpTarball /tmp/npm-10796-81d1a1cc/registry.npmjs.org/jasmine/-/jasmine-2.4.1.tgz not in flight; adding
47 verbose addTmpTarball already have metadata; skipping unpack for jasmine@2.4.1
48 verbose correctMkdir /home/joel/.npm correctMkdir not in flight; initializing
49 silly cache afterAdd jasmine@2.4.1
50 verbose afterAdd /home/joel/.npm/jasmine/2.4.1/package/package.json not in flight; writing
51 verbose correctMkdir /home/joel/.npm correctMkdir not in flight; initializing
52 verbose afterAdd /home/joel/.npm/jasmine/2.4.1/package/package.json written
53 silly install resolved [ { name: 'jasmine',
53 silly install resolved     description: 'Command line jasmine',
53 silly install resolved     homepage: 'http://jasmine.github.io/',
53 silly install resolved     keywords: [ 'test', 'jasmine', 'tdd', 'bdd' ],
53 silly install resolved     license: 'MIT',
53 silly install resolved     version: '2.4.1',
53 silly install resolved     repository:
53 silly install resolved      { type: 'git',
53 silly install resolved        url: 'git+https://github.com/jasmine/jasmine-npm.git' },
53 silly install resolved     scripts: { test: 'grunt && ./bin/jasmine.js' },
53 silly install resolved     dependencies: { exit: '^0.1.2', glob: '^3.2.11', 'jasmine-core': '~2.4.0' },
53 silly install resolved     bin: { jasmine: './bin/jasmine.js' },
53 silly install resolved     main: './lib/jasmine.js',
53 silly install resolved     devDependencies:
53 silly install resolved      { grunt: '^0.4.2',
53 silly install resolved        'grunt-cli': '^0.1.13',
53 silly install resolved        'grunt-contrib-jshint': '^0.11.0',
53 silly install resolved        shelljs: '^0.3.0' },
53 silly install resolved     gitHead: '17344da242f81c61e4d19a895960bf9414fae07d',
53 silly install resolved     bugs: { url: 'https://github.com/jasmine/jasmine-npm/issues' },
53 silly install resolved     _id: 'jasmine@2.4.1',
53 silly install resolved     _shasum: '9016dda453213d27ac6d43dc4ea97315a189085e',
53 silly install resolved     _from: 'jasmine@latest',
53 silly install resolved     _npmVersion: '2.12.1',
53 silly install resolved     _nodeVersion: '0.12.7',
53 silly install resolved     _npmUser: { name: 'slackersoft', email: 'gregg@slackersoft.net' },
53 silly install resolved     maintainers: [ [Object], [Object], [Object] ],
53 silly install resolved     dist:
53 silly install resolved      { shasum: '9016dda453213d27ac6d43dc4ea97315a189085e',
53 silly install resolved        tarball: 'https://registry.npmjs.org/jasmine/-/jasmine-2.4.1.tgz' },
53 silly install resolved     directories: {},
53 silly install resolved     _resolved: 'https://registry.npmjs.org/jasmine/-/jasmine-2.4.1.tgz' } ]
54 info install jasmine@2.4.1 into /usr/lib
55 info installOne jasmine@2.4.1
56 verbose installOne of jasmine to /usr/lib not in flight; installing
57 verbose correctMkdir /home/joel/.npm/_locks correctMkdir not in flight; initializing
58 verbose makeDirectory /home/joel/.npm/_locks creation not in flight; initializing
59 silly makeDirectory /home/joel/.npm/_locks uid: 1000 gid: 1000
60 verbose lock using /home/joel/.npm/_locks/jasmine-4be02b83979d042a.lock for /usr/lib/node_modules/jasmine
61 silly install write writing jasmine 2.4.1 to /usr/lib/node_modules/jasmine
62 verbose unbuild lib/node_modules/jasmine
63 silly gentlyRm /usr/lib/node_modules/jasmine is being purged from base /usr
64 verbose gentlyRm don't care about contents; nuking /usr/lib/node_modules/jasmine
65 verbose tar unpack /home/joel/.npm/jasmine/2.4.1/package.tgz
66 verbose tar unpacking to /usr/lib/node_modules/jasmine
67 silly gentlyRm /usr/lib/node_modules/jasmine is being purged
68 verbose gentlyRm don't care about contents; nuking /usr/lib/node_modules/jasmine
69 silly gunzTarPerm modes [ '775', '664' ]
70 error tar.unpack untar error /home/joel/.npm/jasmine/2.4.1/package.tgz
71 verbose unlock done using /home/joel/.npm/_locks/jasmine-4be02b83979d042a.lock for /usr/lib/node_modules/jasmine
72 verbose fstream_path /usr/lib/node_modules/jasmine
73 verbose fstream_type Directory
74 verbose fstream_class DirWriter
75 verbose stack Error: EACCES, mkdir '/usr/lib/node_modules/jasmine'
76 verbose fstream_stack /usr/lib/node_modules/npm/node_modules/fstream/lib/dir-writer.js:35:25
76 verbose fstream_stack /usr/lib/node_modules/npm/node_modules/mkdirp/index.js:47:53
76 verbose fstream_stack Object.oncomplete (fs.js:108:15)
77 verbose cwd /home/joel/Desktop/projects/joelkbennett.github.io
78 error Linux 4.2.0-35-generic
79 error argv "/usr/bin/node" "/usr/bin/npm" "install" "-g" "jasmine"
80 error node v0.10.44
81 error npm  v2.15.0
82 error path /usr/lib/node_modules/jasmine
83 error code EACCES
84 error errno 3
85 error Error: EACCES, mkdir '/usr/lib/node_modules/jasmine'
85 error  { [Error: EACCES, mkdir '/usr/lib/node_modules/jasmine']
85 error   errno: 3,
85 error   code: 'EACCES',
85 error   path: '/usr/lib/node_modules/jasmine',
85 error   fstream_type: 'Directory',
85 error   fstream_path: '/usr/lib/node_modules/jasmine',
85 error   fstream_class: 'DirWriter',
85 error   fstream_stack:
85 error    [ '/usr/lib/node_modules/npm/node_modules/fstream/lib/dir-writer.js:35:25',
85 error      '/usr/lib/node_modules/npm/node_modules/mkdirp/index.js:47:53',
85 error      'Object.oncomplete (fs.js:108:15)' ] }
86 error Please try running this command again as root/Administrator.
87 verbose exit [ 3, true ]
88 verbose unbuild lib/node_modules/jasmine
89 silly gentlyRm /usr/lib/node_modules/jasmine is being purged from base /usr
90 verbose gentlyRm don't care about contents; nuking /usr/lib/node_modules/jasmine
